{"/home/runner/work/boh-user-management/boh-user-management/src/authentication.ts": {"path":"/home/runner/work/boh-user-management/boh-user-management/src/authentication.ts","statementMap":{"0":{"start":{"line":18,"column":0},"end":{"line":18,"column":16}},"1":{"start":{"line":151,"column":0},"end":{"line":151,"column":16}},"2":{"start":{"line":1,"column":0},"end":{"line":1,"column":67}},"3":{"start":{"line":2,"column":0},"end":{"line":2,"column":24}},"4":{"start":{"line":3,"column":0},"end":{"line":3,"column":28}},"5":{"start":{"line":4,"column":0},"end":{"line":4,"column":31}},"6":{"start":{"line":5,"column":0},"end":{"line":5,"column":28}},"7":{"start":{"line":6,"column":0},"end":{"line":6,"column":37}},"8":{"start":{"line":7,"column":0},"end":{"line":7,"column":28}},"9":{"start":{"line":9,"column":15},"end":{"line":9,"column":31}},"10":{"start":{"line":10,"column":0},"end":{"line":12,"column":3}},"11":{"start":{"line":23,"column":16},"end":{"line":23,"column":33}},"12":{"start":{"line":24,"column":20},"end":{"line":24,"column":42}},"13":{"start":{"line":26,"column":2},"end":{"line":30,"column":3}},"14":{"start":{"line":27,"column":4},"end":{"line":29,"column":62}},"15":{"start":{"line":32,"column":2},"end":{"line":34,"column":3}},"16":{"start":{"line":33,"column":4},"end":{"line":33,"column":76}},"17":{"start":{"line":36,"column":2},"end":{"line":42,"column":3}},"18":{"start":{"line":37,"column":20},"end":{"line":37,"column":48}},"19":{"start":{"line":38,"column":4},"end":{"line":38,"column":23}},"20":{"start":{"line":39,"column":4},"end":{"line":39,"column":11}},"21":{"start":{"line":41,"column":4},"end":{"line":41,"column":63}},"22":{"start":{"line":46,"column":0},"end":{"line":147,"column":3}},"23":{"start":{"line":47,"column":43},"end":{"line":47,"column":51}},"24":{"start":{"line":48,"column":2},"end":{"line":52,"column":3}},"25":{"start":{"line":49,"column":4},"end":{"line":51,"column":69}},"26":{"start":{"line":55,"column":2},"end":{"line":146,"column":3}},"27":{"start":{"line":56,"column":4},"end":{"line":56,"column":62}},"28":{"start":{"line":58,"column":20},"end":{"line":60,"column":60}},"29":{"start":{"line":62,"column":18},"end":{"line":62,"column":175}},"30":{"start":{"line":64,"column":19},"end":{"line":64,"column":45}},"31":{"start":{"line":65,"column":4},"end":{"line":67,"column":5}},"32":{"start":{"line":66,"column":6},"end":{"line":66,"column":68}},"33":{"start":{"line":69,"column":17},"end":{"line":69,"column":36}},"34":{"start":{"line":70,"column":4},"end":{"line":72,"column":5}},"35":{"start":{"line":71,"column":6},"end":{"line":71,"column":64}},"36":{"start":{"line":74,"column":21},"end":{"line":74,"column":69}},"37":{"start":{"line":75,"column":4},"end":{"line":77,"column":5}},"38":{"start":{"line":76,"column":6},"end":{"line":76,"column":68}},"39":{"start":{"line":79,"column":19},"end":{"line":79,"column":65}},"40":{"start":{"line":81,"column":22},"end":{"line":81,"column":60}},"41":{"start":{"line":82,"column":16},"end":{"line":82,"column":18}},"42":{"start":{"line":83,"column":4},"end":{"line":88,"column":7}},"43":{"start":{"line":90,"column":4},"end":{"line":130,"column":5}},"44":{"start":{"line":91,"column":6},"end":{"line":102,"column":8}},"45":{"start":{"line":103,"column":6},"end":{"line":109,"column":9}},"46":{"start":{"line":111,"column":6},"end":{"line":122,"column":8}},"47":{"start":{"line":123,"column":6},"end":{"line":129,"column":9}},"48":{"start":{"line":132,"column":4},"end":{"line":141,"column":7}},"49":{"start":{"line":143,"column":4},"end":{"line":143,"column":63}},"50":{"start":{"line":145,"column":4},"end":{"line":145,"column":65}},"51":{"start":{"line":145,"column":23},"end":{"line":145,"column":65}},"52":{"start":{"line":156,"column":15},"end":{"line":156,"column":23}},"53":{"start":{"line":159,"column":2},"end":{"line":167,"column":3}},"54":{"start":{"line":161,"column":4},"end":{"line":161,"column":11}},"55":{"start":{"line":164,"column":4},"end":{"line":166,"column":62}},"56":{"start":{"line":171,"column":0},"end":{"line":171,"column":22}}},"fnMap":{"0":{"name":"verifyJWT","decl":{"start":{"line":18,"column":16},"end":{"line":18,"column":25}},"loc":{"start":{"line":21,"column":20},"end":{"line":43,"column":1}}},"1":{"name":"(anonymous_11)","decl":{"start":{"line":46,"column":22},"end":{"line":46,"column":27}},"loc":{"start":{"line":46,"column":60},"end":{"line":147,"column":1}}},"2":{"name":"checkAdmin","decl":{"start":{"line":151,"column":16},"end":{"line":151,"column":26}},"loc":{"start":{"line":154,"column":20},"end":{"line":168,"column":1}}}},"branchMap":{"0":{"loc":{"start":{"line":26,"column":2},"end":{"line":30,"column":3}},"type":"if","locations":[{"start":{"line":26,"column":2},"end":{"line":30,"column":3}},{"start":{},"end":{}}]},"1":{"loc":{"start":{"line":32,"column":2},"end":{"line":34,"column":3}},"type":"if","locations":[{"start":{"line":32,"column":2},"end":{"line":34,"column":3}},{"start":{},"end":{}}]},"2":{"loc":{"start":{"line":48,"column":2},"end":{"line":52,"column":3}},"type":"if","locations":[{"start":{"line":48,"column":2},"end":{"line":52,"column":3}},{"start":{},"end":{}}]},"3":{"loc":{"start":{"line":48,"column":6},"end":{"line":48,"column":43}},"type":"binary-expr","locations":[{"start":{"line":48,"column":7},"end":{"line":48,"column":13}},{"start":{"line":48,"column":17},"end":{"line":48,"column":29}},{"start":{"line":48,"column":34},"end":{"line":48,"column":43}}]},"4":{"loc":{"start":{"line":59,"column":36},"end":{"line":59,"column":47}},"type":"binary-expr","locations":[{"start":{"line":59,"column":36},"end":{"line":59,"column":41}},{"start":{"line":59,"column":45},"end":{"line":59,"column":47}}]},"5":{"loc":{"start":{"line":60,"column":42},"end":{"line":60,"column":59}},"type":"binary-expr","locations":[{"start":{"line":60,"column":42},"end":{"line":60,"column":53}},{"start":{"line":60,"column":57},"end":{"line":60,"column":59}}]},"6":{"loc":{"start":{"line":65,"column":4},"end":{"line":67,"column":5}},"type":"if","locations":[{"start":{"line":65,"column":4},"end":{"line":67,"column":5}},{"start":{},"end":{}}]},"7":{"loc":{"start":{"line":65,"column":8},"end":{"line":65,"column":58}},"type":"binary-expr","locations":[{"start":{"line":65,"column":8},"end":{"line":65,"column":25}},{"start":{"line":65,"column":29},"end":{"line":65,"column":58}}]},"8":{"loc":{"start":{"line":70,"column":4},"end":{"line":72,"column":5}},"type":"if","locations":[{"start":{"line":70,"column":4},"end":{"line":72,"column":5}},{"start":{},"end":{}}]},"9":{"loc":{"start":{"line":70,"column":8},"end":{"line":70,"column":54}},"type":"binary-expr","locations":[{"start":{"line":70,"column":8},"end":{"line":70,"column":31}},{"start":{"line":70,"column":35},"end":{"line":70,"column":54}}]},"10":{"loc":{"start":{"line":75,"column":4},"end":{"line":77,"column":5}},"type":"if","locations":[{"start":{"line":75,"column":4},"end":{"line":77,"column":5}},{"start":{},"end":{}}]},"11":{"loc":{"start":{"line":79,"column":19},"end":{"line":79,"column":65}},"type":"binary-expr","locations":[{"start":{"line":79,"column":19},"end":{"line":79,"column":41}},{"start":{"line":79,"column":45},"end":{"line":79,"column":65}}]},"12":{"loc":{"start":{"line":90,"column":4},"end":{"line":130,"column":5}},"type":"if","locations":[{"start":{"line":90,"column":4},"end":{"line":130,"column":5}},{"start":{"line":110,"column":11},"end":{"line":130,"column":5}}]},"13":{"loc":{"start":{"line":143,"column":41},"end":{"line":143,"column":59}},"type":"binary-expr","locations":[{"start":{"line":143,"column":41},"end":{"line":143,"column":52}},{"start":{"line":143,"column":56},"end":{"line":143,"column":59}}]},"14":{"loc":{"start":{"line":145,"column":4},"end":{"line":145,"column":65}},"type":"if","locations":[{"start":{"line":145,"column":4},"end":{"line":145,"column":65}},{"start":{},"end":{}}]},"15":{"loc":{"start":{"line":159,"column":2},"end":{"line":167,"column":3}},"type":"if","locations":[{"start":{"line":159,"column":2},"end":{"line":167,"column":3}},{"start":{"line":162,"column":9},"end":{"line":167,"column":3}}]},"16":{"loc":{"start":{"line":159,"column":6},"end":{"line":159,"column":63}},"type":"binary-expr","locations":[{"start":{"line":159,"column":6},"end":{"line":159,"column":10}},{"start":{"line":159,"column":14},"end":{"line":159,"column":38}},{"start":{"line":159,"column":42},"end":{"line":159,"column":63}}]}},"s":{"0":2,"1":2,"2":2,"3":2,"4":2,"5":2,"6":2,"7":2,"8":2,"9":2,"10":2,"11":5,"12":5,"13":5,"14":1,"15":4,"16":0,"17":4,"18":4,"19":3,"20":3,"21":1,"22":2,"23":13,"24":13,"25":3,"26":10,"27":10,"28":9,"29":9,"30":9,"31":8,"32":1,"33":7,"34":7,"35":1,"36":6,"37":6,"38":1,"39":5,"40":5,"41":5,"42":5,"43":5,"44":1,"45":1,"46":4,"47":4,"48":5,"49":2,"50":10,"51":9,"52":2,"53":2,"54":1,"55":1,"56":2},"f":{"0":5,"1":13,"2":2},"b":{"0":[1,4],"1":[0,4],"2":[3,10],"3":[13,3,11],"4":[9,1],"5":[9,8],"6":[1,7],"7":[8,8],"8":[1,6],"9":[7,6],"10":[1,5],"11":[5,0],"12":[1,4],"13":[2,0],"14":[9,1],"15":[1,1],"16":[2,2,2]}}
,"/home/runner/work/boh-user-management/boh-user-management/src/backend.ts": {"path":"/home/runner/work/boh-user-management/boh-user-management/src/backend.ts","statementMap":{"0":{"start":{"line":1,"column":0},"end":{"line":1,"column":66}},"1":{"start":{"line":2,"column":0},"end":{"line":2,"column":24}},"2":{"start":{"line":3,"column":0},"end":{"line":3,"column":40}},"3":{"start":{"line":4,"column":0},"end":{"line":4,"column":28}},"4":{"start":{"line":5,"column":0},"end":{"line":5,"column":36}},"5":{"start":{"line":6,"column":0},"end":{"line":6,"column":41}},"6":{"start":{"line":7,"column":0},"end":{"line":7,"column":40}},"7":{"start":{"line":8,"column":0},"end":{"line":8,"column":28}},"8":{"start":{"line":9,"column":0},"end":{"line":11,"column":3}},"9":{"start":{"line":14,"column":12},"end":{"line":14,"column":21}},"10":{"start":{"line":15,"column":0},"end":{"line":15,"column":44}},"11":{"start":{"line":16,"column":0},"end":{"line":16,"column":30}},"12":{"start":{"line":17,"column":0},"end":{"line":17,"column":28}},"13":{"start":{"line":20,"column":2},"end":{"line":22,"column":3}},"14":{"start":{"line":21,"column":4},"end":{"line":21,"column":18}},"15":{"start":{"line":23,"column":25},"end":{"line":23,"column":52}},"16":{"start":{"line":24,"column":25},"end":{"line":24,"column":50}},"17":{"start":{"line":25,"column":2},"end":{"line":27,"column":3}},"18":{"start":{"line":26,"column":4},"end":{"line":26,"column":79}},"19":{"start":{"line":28,"column":2},"end":{"line":28,"column":9}},"20":{"start":{"line":43,"column":13},"end":{"line":43,"column":37}},"21":{"start":{"line":44,"column":0},"end":{"line":48,"column":3}},"22":{"start":{"line":45,"column":2},"end":{"line":45,"column":48}},"23":{"start":{"line":47,"column":2},"end":{"line":47,"column":64}},"24":{"start":{"line":50,"column":0},"end":{"line":117,"column":2}},"25":{"start":{"line":55,"column":44},"end":{"line":56,"column":null}},"26":{"start":{"line":58,"column":4},"end":{"line":115,"column":5}},"27":{"start":{"line":59,"column":6},"end":{"line":110,"column":7}},"28":{"start":{"line":61,"column":10},"end":{"line":74,"column":11}},"29":{"start":{"line":62,"column":12},"end":{"line":73,"column":17}},"30":{"start":{"line":67,"column":16},"end":{"line":69,"column":19}},"31":{"start":{"line":72,"column":16},"end":{"line":72,"column":42}},"32":{"start":{"line":75,"column":10},"end":{"line":75,"column":16}},"33":{"start":{"line":77,"column":10},"end":{"line":90,"column":11}},"34":{"start":{"line":78,"column":12},"end":{"line":89,"column":17}},"35":{"start":{"line":83,"column":16},"end":{"line":85,"column":19}},"36":{"start":{"line":88,"column":16},"end":{"line":88,"column":42}},"37":{"start":{"line":91,"column":10},"end":{"line":91,"column":16}},"38":{"start":{"line":93,"column":10},"end":{"line":106,"column":11}},"39":{"start":{"line":94,"column":12},"end":{"line":105,"column":17}},"40":{"start":{"line":99,"column":16},"end":{"line":101,"column":19}},"41":{"start":{"line":104,"column":16},"end":{"line":104,"column":42}},"42":{"start":{"line":107,"column":10},"end":{"line":107,"column":16}},"43":{"start":{"line":109,"column":10},"end":{"line":109,"column":16}},"44":{"start":{"line":112,"column":6},"end":{"line":112,"column":34}},"45":{"start":{"line":114,"column":6},"end":{"line":114,"column":48}},"46":{"start":{"line":119,"column":0},"end":{"line":218,"column":2}},"47":{"start":{"line":122,"column":44},"end":{"line":122,"column":85}},"48":{"start":{"line":123,"column":4},"end":{"line":216,"column":5}},"49":{"start":{"line":124,"column":6},"end":{"line":213,"column":7}},"50":{"start":{"line":126,"column":10},"end":{"line":152,"column":11}},"51":{"start":{"line":127,"column":46},"end":{"line":127,"column":75}},"52":{"start":{"line":128,"column":29},"end":{"line":128,"column":46}},"53":{"start":{"line":129,"column":35},"end":{"line":131,"column":14}},"54":{"start":{"line":132,"column":12},"end":{"line":132,"column":34}},"55":{"start":{"line":134,"column":12},"end":{"line":151,"column":17}},"56":{"start":{"line":145,"column":16},"end":{"line":147,"column":19}},"57":{"start":{"line":150,"column":16},"end":{"line":150,"column":42}},"58":{"start":{"line":153,"column":10},"end":{"line":153,"column":16}},"59":{"start":{"line":155,"column":10},"end":{"line":179,"column":11}},"60":{"start":{"line":157,"column":14},"end":{"line":157,"column":50}},"61":{"start":{"line":158,"column":12},"end":{"line":178,"column":17}},"62":{"start":{"line":172,"column":16},"end":{"line":174,"column":19}},"63":{"start":{"line":177,"column":16},"end":{"line":177,"column":42}},"64":{"start":{"line":180,"column":10},"end":{"line":180,"column":16}},"65":{"start":{"line":182,"column":10},"end":{"line":211,"column":11}},"66":{"start":{"line":184,"column":14},"end":{"line":184,"column":46}},"67":{"start":{"line":186,"column":12},"end":{"line":210,"column":17}},"68":{"start":{"line":204,"column":16},"end":{"line":206,"column":19}},"69":{"start":{"line":209,"column":16},"end":{"line":209,"column":42}},"70":{"start":{"line":212,"column":10},"end":{"line":212,"column":16}},"71":{"start":{"line":215,"column":6},"end":{"line":215,"column":34}},"72":{"start":{"line":220,"column":0},"end":{"line":254,"column":2}},"73":{"start":{"line":227,"column":44},"end":{"line":228,"column":null}},"74":{"start":{"line":230,"column":4},"end":{"line":252,"column":5}},"75":{"start":{"line":231,"column":20},"end":{"line":231,"column":51}},"76":{"start":{"line":232,"column":6},"end":{"line":232,"column":28}},"77":{"start":{"line":234,"column":6},"end":{"line":244,"column":11}},"78":{"start":{"line":237,"column":10},"end":{"line":237,"column":30}},"79":{"start":{"line":238,"column":10},"end":{"line":240,"column":13}},"80":{"start":{"line":243,"column":10},"end":{"line":243,"column":36}},"81":{"start":{"line":246,"column":6},"end":{"line":246,"column":23}},"82":{"start":{"line":247,"column":6},"end":{"line":249,"column":9}},"83":{"start":{"line":251,"column":6},"end":{"line":251,"column":48}},"84":{"start":{"line":256,"column":0},"end":{"line":347,"column":2}},"85":{"start":{"line":259,"column":44},"end":{"line":260,"column":null}},"86":{"start":{"line":262,"column":22},"end":{"line":262,"column":70}},"87":{"start":{"line":263,"column":4},"end":{"line":345,"column":5}},"88":{"start":{"line":264,"column":6},"end":{"line":329,"column":7}},"89":{"start":{"line":265,"column":42},"end":{"line":265,"column":76}},"90":{"start":{"line":266,"column":40},"end":{"line":266,"column":62}},"91":{"start":{"line":268,"column":35},"end":{"line":270,"column":10}},"92":{"start":{"line":272,"column":56},"end":{"line":273,"column":50}},"93":{"start":{"line":275,"column":44},"end":{"line":276,"column":42}},"94":{"start":{"line":278,"column":26},"end":{"line":287,"column":null}},"95":{"start":{"line":290,"column":23},"end":{"line":290,"column":60}},"96":{"start":{"line":292,"column":33},"end":{"line":302,"column":null}},"97":{"start":{"line":305,"column":29},"end":{"line":319,"column":null}},"98":{"start":{"line":322,"column":8},"end":{"line":322,"column":35}},"99":{"start":{"line":323,"column":8},"end":{"line":325,"column":11}},"100":{"start":{"line":328,"column":8},"end":{"line":328,"column":28}},"101":{"start":{"line":331,"column":6},"end":{"line":343,"column":9}},"102":{"start":{"line":332,"column":8},"end":{"line":336,"column":11}},"103":{"start":{"line":338,"column":8},"end":{"line":342,"column":11}}},"fnMap":{"0":{"name":"protectWithCSRF","decl":{"start":{"line":19,"column":9},"end":{"line":19,"column":24}},"loc":{"start":{"line":19,"column":72},"end":{"line":29,"column":1}}},"1":{"name":"(anonymous_11)","decl":{"start":{"line":44,"column":17},"end":{"line":44,"column":20}},"loc":{"start":{"line":44,"column":22},"end":{"line":48,"column":1}}},"2":{"name":"(anonymous_12)","decl":{"start":{"line":54,"column":2},"end":{"line":54,"column":7}},"loc":{"start":{"line":54,"column":40},"end":{"line":116,"column":3}}},"3":{"name":"(anonymous_13)","decl":{"start":{"line":66,"column":20},"end":{"line":66,"column":21}},"loc":{"start":{"line":66,"column":31},"end":{"line":70,"column":15}}},"4":{"name":"(anonymous_14)","decl":{"start":{"line":71,"column":21},"end":{"line":71,"column":22}},"loc":{"start":{"line":71,"column":29},"end":{"line":73,"column":15}}},"5":{"name":"(anonymous_15)","decl":{"start":{"line":82,"column":20},"end":{"line":82,"column":21}},"loc":{"start":{"line":82,"column":31},"end":{"line":86,"column":15}}},"6":{"name":"(anonymous_16)","decl":{"start":{"line":87,"column":21},"end":{"line":87,"column":22}},"loc":{"start":{"line":87,"column":29},"end":{"line":89,"column":15}}},"7":{"name":"(anonymous_17)","decl":{"start":{"line":98,"column":20},"end":{"line":98,"column":21}},"loc":{"start":{"line":98,"column":31},"end":{"line":102,"column":15}}},"8":{"name":"(anonymous_18)","decl":{"start":{"line":103,"column":21},"end":{"line":103,"column":22}},"loc":{"start":{"line":103,"column":29},"end":{"line":105,"column":15}}},"9":{"name":"(anonymous_19)","decl":{"start":{"line":121,"column":2},"end":{"line":121,"column":7}},"loc":{"start":{"line":121,"column":40},"end":{"line":217,"column":3}}},"10":{"name":"(anonymous_20)","decl":{"start":{"line":144,"column":20},"end":{"line":144,"column":21}},"loc":{"start":{"line":144,"column":31},"end":{"line":148,"column":15}}},"11":{"name":"(anonymous_21)","decl":{"start":{"line":149,"column":21},"end":{"line":149,"column":22}},"loc":{"start":{"line":149,"column":29},"end":{"line":151,"column":15}}},"12":{"name":"(anonymous_22)","decl":{"start":{"line":171,"column":20},"end":{"line":171,"column":21}},"loc":{"start":{"line":171,"column":31},"end":{"line":175,"column":15}}},"13":{"name":"(anonymous_23)","decl":{"start":{"line":176,"column":21},"end":{"line":176,"column":22}},"loc":{"start":{"line":176,"column":29},"end":{"line":178,"column":15}}},"14":{"name":"(anonymous_24)","decl":{"start":{"line":203,"column":20},"end":{"line":203,"column":21}},"loc":{"start":{"line":203,"column":31},"end":{"line":207,"column":15}}},"15":{"name":"(anonymous_25)","decl":{"start":{"line":208,"column":21},"end":{"line":208,"column":22}},"loc":{"start":{"line":208,"column":29},"end":{"line":210,"column":15}}},"16":{"name":"(anonymous_26)","decl":{"start":{"line":225,"column":2},"end":{"line":225,"column":7}},"loc":{"start":{"line":225,"column":40},"end":{"line":253,"column":3}}},"17":{"name":"(anonymous_27)","decl":{"start":{"line":236,"column":14},"end":{"line":236,"column":15}},"loc":{"start":{"line":236,"column":25},"end":{"line":241,"column":9}}},"18":{"name":"(anonymous_28)","decl":{"start":{"line":242,"column":15},"end":{"line":242,"column":16}},"loc":{"start":{"line":242,"column":23},"end":{"line":244,"column":9}}},"19":{"name":"(anonymous_29)","decl":{"start":{"line":258,"column":2},"end":{"line":258,"column":7}},"loc":{"start":{"line":258,"column":40},"end":{"line":346,"column":3}}},"20":{"name":"(anonymous_30)","decl":{"start":{"line":331,"column":40},"end":{"line":331,"column":41}},"loc":{"start":{"line":331,"column":50},"end":{"line":337,"column":7}}},"21":{"name":"(anonymous_31)","decl":{"start":{"line":337,"column":15},"end":{"line":337,"column":16}},"loc":{"start":{"line":337,"column":22},"end":{"line":343,"column":7}}}},"branchMap":{"0":{"loc":{"start":{"line":20,"column":2},"end":{"line":22,"column":3}},"type":"if","locations":[{"start":{"line":20,"column":2},"end":{"line":22,"column":3}},{"start":{},"end":{}}]},"1":{"loc":{"start":{"line":25,"column":2},"end":{"line":27,"column":3}},"type":"if","locations":[{"start":{"line":25,"column":2},"end":{"line":27,"column":3}},{"start":{},"end":{}}]},"2":{"loc":{"start":{"line":25,"column":6},"end":{"line":25,"column":77}},"type":"binary-expr","locations":[{"start":{"line":25,"column":6},"end":{"line":25,"column":21}},{"start":{"line":25,"column":25},"end":{"line":25,"column":40}},{"start":{"line":25,"column":44},"end":{"line":25,"column":77}}]},"3":{"loc":{"start":{"line":43,"column":13},"end":{"line":43,"column":37}},"type":"binary-expr","locations":[{"start":{"line":43,"column":13},"end":{"line":43,"column":29}},{"start":{"line":43,"column":33},"end":{"line":43,"column":37}}]},"4":{"loc":{"start":{"line":59,"column":6},"end":{"line":110,"column":7}},"type":"switch","locations":[{"start":{"line":60,"column":8},"end":{"line":75,"column":16}},{"start":{"line":76,"column":8},"end":{"line":91,"column":16}},{"start":{"line":92,"column":8},"end":{"line":107,"column":16}},{"start":{"line":108,"column":8},"end":{"line":109,"column":16}}]},"5":{"loc":{"start":{"line":61,"column":10},"end":{"line":74,"column":11}},"type":"if","locations":[{"start":{"line":61,"column":10},"end":{"line":74,"column":11}},{"start":{},"end":{}}]},"6":{"loc":{"start":{"line":61,"column":14},"end":{"line":61,"column":56}},"type":"binary-expr","locations":[{"start":{"line":61,"column":14},"end":{"line":61,"column":31}},{"start":{"line":61,"column":35},"end":{"line":61,"column":56}}]},"7":{"loc":{"start":{"line":77,"column":10},"end":{"line":90,"column":11}},"type":"if","locations":[{"start":{"line":77,"column":10},"end":{"line":90,"column":11}},{"start":{},"end":{}}]},"8":{"loc":{"start":{"line":77,"column":14},"end":{"line":77,"column":56}},"type":"binary-expr","locations":[{"start":{"line":77,"column":14},"end":{"line":77,"column":31}},{"start":{"line":77,"column":35},"end":{"line":77,"column":56}}]},"9":{"loc":{"start":{"line":93,"column":10},"end":{"line":106,"column":11}},"type":"if","locations":[{"start":{"line":93,"column":10},"end":{"line":106,"column":11}},{"start":{},"end":{}}]},"10":{"loc":{"start":{"line":93,"column":14},"end":{"line":93,"column":56}},"type":"binary-expr","locations":[{"start":{"line":93,"column":14},"end":{"line":93,"column":31}},{"start":{"line":93,"column":35},"end":{"line":93,"column":56}}]},"11":{"loc":{"start":{"line":124,"column":6},"end":{"line":213,"column":7}},"type":"switch","locations":[{"start":{"line":125,"column":8},"end":{"line":153,"column":16}},{"start":{"line":154,"column":8},"end":{"line":180,"column":16}},{"start":{"line":181,"column":8},"end":{"line":212,"column":16}}]},"12":{"loc":{"start":{"line":126,"column":10},"end":{"line":152,"column":11}},"type":"if","locations":[{"start":{"line":126,"column":10},"end":{"line":152,"column":11}},{"start":{},"end":{}}]},"13":{"loc":{"start":{"line":126,"column":14},"end":{"line":126,"column":58}},"type":"binary-expr","locations":[{"start":{"line":126,"column":14},"end":{"line":126,"column":31}},{"start":{"line":126,"column":35},"end":{"line":126,"column":58}}]},"14":{"loc":{"start":{"line":155,"column":10},"end":{"line":179,"column":11}},"type":"if","locations":[{"start":{"line":155,"column":10},"end":{"line":179,"column":11}},{"start":{},"end":{}}]},"15":{"loc":{"start":{"line":155,"column":14},"end":{"line":155,"column":58}},"type":"binary-expr","locations":[{"start":{"line":155,"column":14},"end":{"line":155,"column":31}},{"start":{"line":155,"column":35},"end":{"line":155,"column":58}}]},"16":{"loc":{"start":{"line":182,"column":10},"end":{"line":211,"column":11}},"type":"if","locations":[{"start":{"line":182,"column":10},"end":{"line":211,"column":11}},{"start":{},"end":{}}]},"17":{"loc":{"start":{"line":182,"column":14},"end":{"line":182,"column":58}},"type":"binary-expr","locations":[{"start":{"line":182,"column":14},"end":{"line":182,"column":31}},{"start":{"line":182,"column":35},"end":{"line":182,"column":58}}]},"18":{"loc":{"start":{"line":264,"column":6},"end":{"line":329,"column":7}},"type":"if","locations":[{"start":{"line":264,"column":6},"end":{"line":329,"column":7}},{"start":{"line":327,"column":10},"end":{"line":329,"column":7}}]},"19":{"loc":{"start":{"line":264,"column":10},"end":{"line":264,"column":59}},"type":"binary-expr","locations":[{"start":{"line":264,"column":10},"end":{"line":264,"column":27}},{"start":{"line":264,"column":31},"end":{"line":264,"column":59}}]}},"s":{"0":0,"1":0,"2":0,"3":0,"4":0,"5":0,"6":0,"7":0,"8":0,"9":0,"10":0,"11":0,"12":0,"13":0,"14":0,"15":0,"16":0,"17":0,"18":0,"19":0,"20":0,"21":0,"22":0,"23":0,"24":0,"25":0,"26":0,"27":0,"28":0,"29":0,"30":0,"31":0,"32":0,"33":0,"34":0,"35":0,"36":0,"37":0,"38":0,"39":0,"40":0,"41":0,"42":0,"43":0,"44":0,"45":0,"46":0,"47":0,"48":0,"49":0,"50":0,"51":0,"52":0,"53":0,"54":0,"55":0,"56":0,"57":0,"58":0,"59":0,"60":0,"61":0,"62":0,"63":0,"64":0,"65":0,"66":0,"67":0,"68":0,"69":0,"70":0,"71":0,"72":0,"73":0,"74":0,"75":0,"76":0,"77":0,"78":0,"79":0,"80":0,"81":0,"82":0,"83":0,"84":0,"85":0,"86":0,"87":0,"88":0,"89":0,"90":0,"91":0,"92":0,"93":0,"94":0,"95":0,"96":0,"97":0,"98":0,"99":0,"100":0,"101":0,"102":0,"103":0},"f":{"0":0,"1":0,"2":0,"3":0,"4":0,"5":0,"6":0,"7":0,"8":0,"9":0,"10":0,"11":0,"12":0,"13":0,"14":0,"15":0,"16":0,"17":0,"18":0,"19":0,"20":0,"21":0},"b":{"0":[0,0],"1":[0,0],"2":[0,0,0],"3":[0,0],"4":[0,0,0,0],"5":[0,0],"6":[0,0],"7":[0,0],"8":[0,0],"9":[0,0],"10":[0,0],"11":[0,0,0],"12":[0,0],"13":[0,0],"14":[0,0],"15":[0,0],"16":[0,0],"17":[0,0],"18":[0,0],"19":[0,0]}}
,"/home/runner/work/boh-user-management/boh-user-management/src/globals.ts": {"path":"/home/runner/work/boh-user-management/boh-user-management/src/globals.ts","statementMap":{"0":{"start":{"line":71,"column":0},"end":{"line":71,"column":7}},"1":{"start":{"line":76,"column":0},"end":{"line":76,"column":7}},"2":{"start":{"line":1,"column":0},"end":{"line":1,"column":40}},"3":{"start":{"line":2,"column":0},"end":{"line":2,"column":24}},"4":{"start":{"line":4,"column":0},"end":{"line":6,"column":3}},"5":{"start":{"line":17,"column":0},"end":{"line":17,"column":null}},"6":{"start":{"line":18,"column":2},"end":{"line":18,"column":null}},"7":{"start":{"line":19,"column":2},"end":{"line":19,"column":null}},"8":{"start":{"line":20,"column":2},"end":{"line":20,"column":null}},"9":{"start":{"line":54,"column":13},"end":{"line":54,"column":49}},"10":{"start":{"line":56,"column":13},"end":{"line":67,"column":2}},"11":{"start":{"line":69,"column":11},"end":{"line":69,"column":29}},"12":{"start":{"line":72,"column":2},"end":{"line":72,"column":19}},"13":{"start":{"line":73,"column":2},"end":{"line":73,"column":35}},"14":{"start":{"line":77,"column":2},"end":{"line":77,"column":21}},"15":{"start":{"line":78,"column":2},"end":{"line":78,"column":20}}},"fnMap":{"0":{"name":"(anonymous_1)","decl":{"start":{"line":17,"column":0},"end":{"line":17,"column":12}},"loc":{"start":{"line":17,"column":21},"end":{"line":21,"column":1}}},"1":{"name":"dbconnect","decl":{"start":{"line":71,"column":22},"end":{"line":71,"column":31}},"loc":{"start":{"line":71,"column":50},"end":{"line":74,"column":1}}},"2":{"name":"dbdisconnect","decl":{"start":{"line":76,"column":22},"end":{"line":76,"column":34}},"loc":{"start":{"line":76,"column":65},"end":{"line":79,"column":1}}}},"branchMap":{"0":{"loc":{"start":{"line":17,"column":12},"end":{"line":17,"column":null}},"type":"binary-expr","locations":[{"start":{"line":17,"column":12},"end":{"line":17,"column":21}},{"start":{"line":17,"column":21},"end":{"line":17,"column":null}}]}},"s":{"0":3,"1":3,"2":3,"3":3,"4":3,"5":3,"6":3,"7":3,"8":3,"9":3,"10":3,"11":3,"12":0,"13":0,"14":0,"15":0},"f":{"0":3,"1":0,"2":0},"b":{"0":[3,3]}}
,"/home/runner/work/boh-user-management/boh-user-management/src/mfa.ts": {"path":"/home/runner/work/boh-user-management/boh-user-management/src/mfa.ts","statementMap":{"0":{"start":{"line":17,"column":0},"end":{"line":17,"column":16}},"1":{"start":{"line":1,"column":0},"end":{"line":1,"column":57}},"2":{"start":{"line":2,"column":0},"end":{"line":2,"column":39}},"3":{"start":{"line":3,"column":0},"end":{"line":3,"column":24}},"4":{"start":{"line":4,"column":0},"end":{"line":4,"column":28}},"5":{"start":{"line":6,"column":0},"end":{"line":6,"column":37}},"6":{"start":{"line":7,"column":0},"end":{"line":7,"column":31}},"7":{"start":{"line":8,"column":0},"end":{"line":8,"column":30}},"8":{"start":{"line":9,"column":0},"end":{"line":9,"column":28}},"9":{"start":{"line":10,"column":0},"end":{"line":10,"column":54}},"10":{"start":{"line":12,"column":18},"end":{"line":12,"column":26}},"11":{"start":{"line":13,"column":0},"end":{"line":15,"column":3}},"12":{"start":{"line":22,"column":16},"end":{"line":22,"column":33}},"13":{"start":{"line":23,"column":20},"end":{"line":23,"column":42}},"14":{"start":{"line":25,"column":2},"end":{"line":29,"column":3}},"15":{"start":{"line":26,"column":4},"end":{"line":28,"column":62}},"16":{"start":{"line":30,"column":2},"end":{"line":32,"column":3}},"17":{"start":{"line":31,"column":4},"end":{"line":31,"column":76}},"18":{"start":{"line":34,"column":2},"end":{"line":48,"column":3}},"19":{"start":{"line":35,"column":20},"end":{"line":35,"column":66}},"20":{"start":{"line":38,"column":4},"end":{"line":45,"column":5}},"21":{"start":{"line":39,"column":6},"end":{"line":39,"column":30}},"22":{"start":{"line":40,"column":6},"end":{"line":40,"column":13}},"23":{"start":{"line":42,"column":6},"end":{"line":44,"column":62}},"24":{"start":{"line":47,"column":4},"end":{"line":47,"column":74}},"25":{"start":{"line":51,"column":0},"end":{"line":168,"column":2}},"26":{"start":{"line":55,"column":24},"end":{"line":55,"column":32}},"27":{"start":{"line":58,"column":19},"end":{"line":58,"column":39}},"28":{"start":{"line":60,"column":4},"end":{"line":62,"column":5}},"29":{"start":{"line":61,"column":6},"end":{"line":61,"column":72}},"30":{"start":{"line":66,"column":4},"end":{"line":166,"column":5}},"31":{"start":{"line":67,"column":6},"end":{"line":67,"column":64}},"32":{"start":{"line":68,"column":22},"end":{"line":68,"column":58}},"33":{"start":{"line":69,"column":20},"end":{"line":69,"column":25}},"34":{"start":{"line":72,"column":25},"end":{"line":75,"column":null}},"35":{"start":{"line":78,"column":6},"end":{"line":80,"column":7}},"36":{"start":{"line":79,"column":8},"end":{"line":79,"column":68}},"37":{"start":{"line":82,"column":19},"end":{"line":82,"column":42}},"38":{"start":{"line":85,"column":6},"end":{"line":131,"column":7}},"39":{"start":{"line":87,"column":10},"end":{"line":91,"column":11}},"40":{"start":{"line":88,"column":12},"end":{"line":90,"column":70}},"41":{"start":{"line":92,"column":10},"end":{"line":92,"column":65}},"42":{"start":{"line":93,"column":10},"end":{"line":93,"column":16}},"43":{"start":{"line":97,"column":28},"end":{"line":101,"column":12}},"44":{"start":{"line":103,"column":10},"end":{"line":107,"column":11}},"45":{"start":{"line":104,"column":12},"end":{"line":106,"column":68}},"46":{"start":{"line":109,"column":28},"end":{"line":109,"column":50}},"47":{"start":{"line":110,"column":10},"end":{"line":112,"column":11}},"48":{"start":{"line":111,"column":12},"end":{"line":111,"column":78}},"49":{"start":{"line":115,"column":10},"end":{"line":115,"column":69}},"50":{"start":{"line":117,"column":10},"end":{"line":124,"column":11}},"51":{"start":{"line":119,"column":12},"end":{"line":123,"column":16}},"52":{"start":{"line":125,"column":10},"end":{"line":125,"column":16}},"53":{"start":{"line":128,"column":10},"end":{"line":130,"column":74}},"54":{"start":{"line":134,"column":6},"end":{"line":162,"column":7}},"55":{"start":{"line":138,"column":24},"end":{"line":142,"column":10}},"56":{"start":{"line":144,"column":26},"end":{"line":144,"column":48}},"57":{"start":{"line":145,"column":27},"end":{"line":147,"column":10}},"58":{"start":{"line":151,"column":8},"end":{"line":156,"column":11}},"59":{"start":{"line":158,"column":8},"end":{"line":158,"column":58}},"60":{"start":{"line":161,"column":8},"end":{"line":161,"column":70}},"61":{"start":{"line":164,"column":6},"end":{"line":164,"column":61}},"62":{"start":{"line":165,"column":6},"end":{"line":165,"column":66}},"63":{"start":{"line":178,"column":0},"end":{"line":287,"column":2}},"64":{"start":{"line":182,"column":26},"end":{"line":182,"column":34}},"65":{"start":{"line":185,"column":4},"end":{"line":191,"column":5}},"66":{"start":{"line":190,"column":6},"end":{"line":190,"column":70}},"67":{"start":{"line":192,"column":19},"end":{"line":192,"column":39}},"68":{"start":{"line":193,"column":24},"end":{"line":193,"column":65}},"69":{"start":{"line":194,"column":4},"end":{"line":285,"column":5}},"70":{"start":{"line":195,"column":22},"end":{"line":195,"column":58}},"71":{"start":{"line":197,"column":6},"end":{"line":281,"column":7}},"72":{"start":{"line":205,"column":10},"end":{"line":210,"column":13}},"73":{"start":{"line":212,"column":10},"end":{"line":214,"column":13}},"74":{"start":{"line":223,"column":25},"end":{"line":223,"column":55}},"75":{"start":{"line":226,"column":28},"end":{"line":226,"column":47}},"76":{"start":{"line":227,"column":30},"end":{"line":227,"column":47}},"77":{"start":{"line":228,"column":29},"end":{"line":231,"column":null}},"78":{"start":{"line":237,"column":10},"end":{"line":242,"column":13}},"79":{"start":{"line":245,"column":32},"end":{"line":245,"column":66}},"80":{"start":{"line":246,"column":28},"end":{"line":246,"column":50}},"81":{"start":{"line":247,"column":24},"end":{"line":257,"column":null}},"82":{"start":{"line":259,"column":10},"end":{"line":265,"column":13}},"83":{"start":{"line":267,"column":10},"end":{"line":272,"column":13}},"84":{"start":{"line":278,"column":10},"end":{"line":280,"column":13}},"85":{"start":{"line":283,"column":6},"end":{"line":283,"column":54}},"86":{"start":{"line":284,"column":6},"end":{"line":284,"column":66}},"87":{"start":{"line":289,"column":0},"end":{"line":347,"column":2}},"88":{"start":{"line":293,"column":4},"end":{"line":299,"column":5}},"89":{"start":{"line":298,"column":6},"end":{"line":298,"column":70}},"90":{"start":{"line":300,"column":24},"end":{"line":300,"column":32}},"91":{"start":{"line":301,"column":19},"end":{"line":301,"column":39}},"92":{"start":{"line":303,"column":4},"end":{"line":345,"column":5}},"93":{"start":{"line":304,"column":6},"end":{"line":304,"column":64}},"94":{"start":{"line":305,"column":22},"end":{"line":305,"column":58}},"95":{"start":{"line":306,"column":25},"end":{"line":309,"column":null}},"96":{"start":{"line":312,"column":6},"end":{"line":314,"column":7}},"97":{"start":{"line":313,"column":8},"end":{"line":313,"column":68}},"98":{"start":{"line":316,"column":19},"end":{"line":316,"column":42}},"99":{"start":{"line":317,"column":6},"end":{"line":317,"column":64}},"100":{"start":{"line":319,"column":6},"end":{"line":335,"column":7}},"101":{"start":{"line":320,"column":8},"end":{"line":320,"column":36}},"102":{"start":{"line":322,"column":26},"end":{"line":326,"column":10}},"103":{"start":{"line":328,"column":8},"end":{"line":330,"column":11}},"104":{"start":{"line":332,"column":8},"end":{"line":334,"column":11}},"105":{"start":{"line":337,"column":6},"end":{"line":340,"column":9}},"106":{"start":{"line":342,"column":6},"end":{"line":344,"column":7}},"107":{"start":{"line":343,"column":8},"end":{"line":343,"column":50}},"108":{"start":{"line":349,"column":0},"end":{"line":430,"column":2}},"109":{"start":{"line":353,"column":4},"end":{"line":428,"column":5}},"110":{"start":{"line":354,"column":32},"end":{"line":354,"column":45}},"111":{"start":{"line":356,"column":6},"end":{"line":358,"column":7}},"112":{"start":{"line":357,"column":8},"end":{"line":357,"column":71}},"113":{"start":{"line":360,"column":6},"end":{"line":360,"column":64}},"114":{"start":{"line":361,"column":22},"end":{"line":361,"column":52}},"115":{"start":{"line":363,"column":25},"end":{"line":366,"column":null}},"116":{"start":{"line":369,"column":6},"end":{"line":374,"column":7}},"117":{"start":{"line":371,"column":8},"end":{"line":373,"column":11}},"118":{"start":{"line":375,"column":19},"end":{"line":375,"column":42}},"119":{"start":{"line":377,"column":22},"end":{"line":377,"column":76}},"120":{"start":{"line":379,"column":22},"end":{"line":379,"column":52}},"121":{"start":{"line":380,"column":24},"end":{"line":380,"column":60}},"122":{"start":{"line":382,"column":6},"end":{"line":388,"column":10}},"123":{"start":{"line":391,"column":31},"end":{"line":391,"column":71}},"124":{"start":{"line":392,"column":24},"end":{"line":392,"column":57}},"125":{"start":{"line":394,"column":6},"end":{"line":400,"column":7}},"126":{"start":{"line":395,"column":8},"end":{"line":395,"column":73}},"127":{"start":{"line":397,"column":8},"end":{"line":399,"column":11}},"128":{"start":{"line":402,"column":23},"end":{"line":411,"column":8}},"129":{"start":{"line":413,"column":23},"end":{"line":413,"column":61}},"130":{"start":{"line":414,"column":21},"end":{"line":414,"column":53}},"131":{"start":{"line":415,"column":6},"end":{"line":418,"column":9}},"132":{"start":{"line":419,"column":6},"end":{"line":419,"column":27}},"133":{"start":{"line":420,"column":6},"end":{"line":420,"column":29}},"134":{"start":{"line":422,"column":6},"end":{"line":422,"column":51}},"135":{"start":{"line":423,"column":6},"end":{"line":423,"column":64}},"136":{"start":{"line":425,"column":6},"end":{"line":427,"column":7}},"137":{"start":{"line":426,"column":8},"end":{"line":426,"column":50}},"138":{"start":{"line":432,"column":0},"end":{"line":432,"column":25}}},"fnMap":{"0":{"name":"verifyMfaToken","decl":{"start":{"line":17,"column":16},"end":{"line":17,"column":30}},"loc":{"start":{"line":20,"column":20},"end":{"line":49,"column":1}}},"1":{"name":"(anonymous_11)","decl":{"start":{"line":54,"column":2},"end":{"line":54,"column":7}},"loc":{"start":{"line":54,"column":53},"end":{"line":167,"column":3}}},"2":{"name":"(anonymous_12)","decl":{"start":{"line":181,"column":2},"end":{"line":181,"column":7}},"loc":{"start":{"line":181,"column":53},"end":{"line":286,"column":3}}},"3":{"name":"(anonymous_13)","decl":{"start":{"line":292,"column":2},"end":{"line":292,"column":7}},"loc":{"start":{"line":292,"column":53},"end":{"line":346,"column":3}}},"4":{"name":"(anonymous_14)","decl":{"start":{"line":351,"column":2},"end":{"line":351,"column":7}},"loc":{"start":{"line":351,"column":53},"end":{"line":429,"column":3}}}},"branchMap":{"0":{"loc":{"start":{"line":25,"column":2},"end":{"line":29,"column":3}},"type":"if","locations":[{"start":{"line":25,"column":2},"end":{"line":29,"column":3}},{"start":{},"end":{}}]},"1":{"loc":{"start":{"line":30,"column":2},"end":{"line":32,"column":3}},"type":"if","locations":[{"start":{"line":30,"column":2},"end":{"line":32,"column":3}},{"start":{},"end":{}}]},"2":{"loc":{"start":{"line":38,"column":4},"end":{"line":45,"column":5}},"type":"if","locations":[{"start":{"line":38,"column":4},"end":{"line":45,"column":5}},{"start":{"line":41,"column":11},"end":{"line":45,"column":5}}]},"3":{"loc":{"start":{"line":38,"column":8},"end":{"line":38,"column":74}},"type":"binary-expr","locations":[{"start":{"line":38,"column":8},"end":{"line":38,"column":38}},{"start":{"line":38,"column":42},"end":{"line":38,"column":74}}]},"4":{"loc":{"start":{"line":60,"column":4},"end":{"line":62,"column":5}},"type":"if","locations":[{"start":{"line":60,"column":4},"end":{"line":62,"column":5}},{"start":{},"end":{}}]},"5":{"loc":{"start":{"line":78,"column":6},"end":{"line":80,"column":7}},"type":"if","locations":[{"start":{"line":78,"column":6},"end":{"line":80,"column":7}},{"start":{},"end":{}}]},"6":{"loc":{"start":{"line":85,"column":6},"end":{"line":131,"column":7}},"type":"switch","locations":[{"start":{"line":86,"column":8},"end":{"line":93,"column":16}},{"start":{"line":95,"column":8},"end":{"line":95,"column":19}},{"start":{"line":96,"column":8},"end":{"line":125,"column":16}},{"start":{"line":127,"column":8},"end":{"line":130,"column":74}}]},"7":{"loc":{"start":{"line":87,"column":10},"end":{"line":91,"column":11}},"type":"if","locations":[{"start":{"line":87,"column":10},"end":{"line":91,"column":11}},{"start":{},"end":{}}]},"8":{"loc":{"start":{"line":103,"column":10},"end":{"line":107,"column":11}},"type":"if","locations":[{"start":{"line":103,"column":10},"end":{"line":107,"column":11}},{"start":{},"end":{}}]},"9":{"loc":{"start":{"line":110,"column":10},"end":{"line":112,"column":11}},"type":"if","locations":[{"start":{"line":110,"column":10},"end":{"line":112,"column":11}},{"start":{},"end":{}}]},"10":{"loc":{"start":{"line":117,"column":10},"end":{"line":124,"column":11}},"type":"if","locations":[{"start":{"line":117,"column":10},"end":{"line":124,"column":11}},{"start":{},"end":{}}]},"11":{"loc":{"start":{"line":134,"column":6},"end":{"line":162,"column":7}},"type":"if","locations":[{"start":{"line":134,"column":6},"end":{"line":162,"column":7}},{"start":{"line":159,"column":13},"end":{"line":162,"column":7}}]},"12":{"loc":{"start":{"line":185,"column":4},"end":{"line":191,"column":5}},"type":"if","locations":[{"start":{"line":185,"column":4},"end":{"line":191,"column":5}},{"start":{},"end":{}}]},"13":{"loc":{"start":{"line":186,"column":6},"end":{"line":188,"column":27}},"type":"binary-expr","locations":[{"start":{"line":186,"column":6},"end":{"line":186,"column":20}},{"start":{"line":187,"column":6},"end":{"line":187,"column":39}},{"start":{"line":188,"column":6},"end":{"line":188,"column":27}}]},"14":{"loc":{"start":{"line":197,"column":6},"end":{"line":281,"column":7}},"type":"switch","locations":[{"start":{"line":201,"column":8},"end":{"line":201,"column":22}},{"start":{"line":202,"column":8},"end":{"line":214,"column":13}},{"start":{"line":219,"column":8},"end":{"line":272,"column":13}},{"start":{"line":277,"column":8},"end":{"line":280,"column":13}}]},"15":{"loc":{"start":{"line":293,"column":4},"end":{"line":299,"column":5}},"type":"if","locations":[{"start":{"line":293,"column":4},"end":{"line":299,"column":5}},{"start":{},"end":{}}]},"16":{"loc":{"start":{"line":294,"column":6},"end":{"line":296,"column":27}},"type":"binary-expr","locations":[{"start":{"line":294,"column":6},"end":{"line":294,"column":20}},{"start":{"line":295,"column":6},"end":{"line":295,"column":39}},{"start":{"line":296,"column":6},"end":{"line":296,"column":27}}]},"17":{"loc":{"start":{"line":312,"column":6},"end":{"line":314,"column":7}},"type":"if","locations":[{"start":{"line":312,"column":6},"end":{"line":314,"column":7}},{"start":{},"end":{}}]},"18":{"loc":{"start":{"line":319,"column":6},"end":{"line":335,"column":7}},"type":"if","locations":[{"start":{"line":319,"column":6},"end":{"line":335,"column":7}},{"start":{"line":331,"column":13},"end":{"line":335,"column":7}}]},"19":{"loc":{"start":{"line":342,"column":6},"end":{"line":344,"column":7}},"type":"if","locations":[{"start":{"line":342,"column":6},"end":{"line":344,"column":7}},{"start":{},"end":{}}]},"20":{"loc":{"start":{"line":356,"column":6},"end":{"line":358,"column":7}},"type":"if","locations":[{"start":{"line":356,"column":6},"end":{"line":358,"column":7}},{"start":{},"end":{}}]},"21":{"loc":{"start":{"line":369,"column":6},"end":{"line":374,"column":7}},"type":"if","locations":[{"start":{"line":369,"column":6},"end":{"line":374,"column":7}},{"start":{},"end":{}}]},"22":{"loc":{"start":{"line":394,"column":6},"end":{"line":400,"column":7}},"type":"if","locations":[{"start":{"line":394,"column":6},"end":{"line":400,"column":7}},{"start":{},"end":{}}]},"23":{"loc":{"start":{"line":394,"column":10},"end":{"line":394,"column":41}},"type":"binary-expr","locations":[{"start":{"line":394,"column":10},"end":{"line":394,"column":27}},{"start":{"line":394,"column":31},"end":{"line":394,"column":41}}]},"24":{"loc":{"start":{"line":407,"column":21},"end":{"line":407,"column":73}},"type":"cond-expr","locations":[{"start":{"line":407,"column":49},"end":{"line":407,"column":54}},{"start":{"line":407,"column":57},"end":{"line":407,"column":73}}]},"25":{"loc":{"start":{"line":425,"column":6},"end":{"line":427,"column":7}},"type":"if","locations":[{"start":{"line":425,"column":6},"end":{"line":427,"column":7}},{"start":{},"end":{}}]}},"s":{"0":2,"1":2,"2":2,"3":2,"4":2,"5":2,"6":2,"7":2,"8":2,"9":2,"10":2,"11":2,"12":26,"13":26,"14":26,"15":3,"16":23,"17":0,"18":23,"19":23,"20":23,"21":21,"22":21,"23":2,"24":0,"25":2,"26":12,"27":12,"28":12,"29":1,"30":11,"31":11,"32":11,"33":11,"34":11,"35":11,"36":1,"37":10,"38":10,"39":4,"40":1,"41":3,"42":3,"43":5,"44":5,"45":1,"46":4,"47":4,"48":1,"49":3,"50":3,"51":2,"52":3,"53":1,"54":6,"55":4,"56":4,"57":4,"58":4,"59":4,"60":2,"61":0,"62":0,"63":2,"64":5,"65":5,"66":1,"67":4,"68":4,"69":4,"70":4,"71":4,"72":2,"73":2,"74":1,"75":1,"76":1,"77":1,"78":1,"79":1,"80":1,"81":1,"82":1,"83":1,"84":1,"85":0,"86":0,"87":2,"88":4,"89":1,"90":3,"91":3,"92":3,"93":3,"94":3,"95":3,"96":3,"97":1,"98":2,"99":2,"100":2,"101":1,"102":1,"103":1,"104":1,"105":0,"106":3,"107":3,"108":2,"109":0,"110":0,"111":0,"112":0,"113":0,"114":0,"115":0,"116":0,"117":0,"118":0,"119":0,"120":0,"121":0,"122":0,"123":0,"124":0,"125":0,"126":0,"127":0,"128":0,"129":0,"130":0,"131":0,"132":0,"133":0,"134":0,"135":0,"136":0,"137":0,"138":2},"f":{"0":26,"1":12,"2":5,"3":4,"4":0},"b":{"0":[3,23],"1":[0,23],"2":[21,2],"3":[23,11],"4":[1,11],"5":[1,10],"6":[4,3,5,1],"7":[1,3],"8":[1,4],"9":[1,3],"10":[2,1],"11":[4,2],"12":[1,4],"13":[5,5,5],"14":[1,2,1,1],"15":[1,3],"16":[4,4,4],"17":[1,2],"18":[1,1],"19":[3,0],"20":[0,0],"21":[0,0],"22":[0,0],"23":[0,0],"24":[0,0],"25":[0,0]}}
}
