TN:
SF:src/authentication.ts
FN:18,verifyJWT
FN:46,(anonymous_11)
FN:151,checkAdmin
FNF:3
FNH:3
FNDA:5,verifyJWT
FNDA:13,(anonymous_11)
FNDA:2,checkAdmin
DA:1,2
DA:2,2
DA:3,2
DA:4,2
DA:5,2
DA:6,2
DA:7,2
DA:9,2
DA:10,2
DA:18,2
DA:23,5
DA:24,5
DA:26,5
DA:27,1
DA:32,4
DA:33,0
DA:36,4
DA:37,4
DA:38,3
DA:39,3
DA:41,1
DA:46,2
DA:47,13
DA:48,13
DA:49,3
DA:55,10
DA:56,10
DA:58,9
DA:62,9
DA:64,9
DA:65,8
DA:66,1
DA:69,7
DA:70,7
DA:71,1
DA:74,6
DA:75,6
DA:76,1
DA:79,5
DA:81,5
DA:82,5
DA:83,5
DA:90,5
DA:91,1
DA:103,1
DA:111,4
DA:123,4
DA:132,5
DA:143,2
DA:145,10
DA:151,2
DA:156,2
DA:159,2
DA:161,1
DA:164,1
DA:171,2
LF:56
LH:55
BRDA:26,0,0,1
BRDA:26,0,1,4
BRDA:32,1,0,0
BRDA:32,1,1,4
BRDA:48,2,0,3
BRDA:48,2,1,10
BRDA:48,3,0,13
BRDA:48,3,1,3
BRDA:48,3,2,11
BRDA:59,4,0,9
BRDA:59,4,1,1
BRDA:60,5,0,9
BRDA:60,5,1,8
BRDA:65,6,0,1
BRDA:65,6,1,7
BRDA:65,7,0,8
BRDA:65,7,1,8
BRDA:70,8,0,1
BRDA:70,8,1,6
BRDA:70,9,0,7
BRDA:70,9,1,6
BRDA:75,10,0,1
BRDA:75,10,1,5
BRDA:79,11,0,5
BRDA:79,11,1,0
BRDA:90,12,0,1
BRDA:90,12,1,4
BRDA:143,13,0,2
BRDA:143,13,1,0
BRDA:145,14,0,9
BRDA:145,14,1,1
BRDA:159,15,0,1
BRDA:159,15,1,1
BRDA:159,16,0,2
BRDA:159,16,1,2
BRDA:159,16,2,2
BRF:36
BRH:33
end_of_record
TN:
SF:src/backend.ts
FN:19,protectWithCSRF
FN:44,(anonymous_11)
FN:54,(anonymous_12)
FN:66,(anonymous_13)
FN:71,(anonymous_14)
FN:82,(anonymous_15)
FN:87,(anonymous_16)
FN:98,(anonymous_17)
FN:103,(anonymous_18)
FN:121,(anonymous_19)
FN:144,(anonymous_20)
FN:149,(anonymous_21)
FN:171,(anonymous_22)
FN:176,(anonymous_23)
FN:203,(anonymous_24)
FN:208,(anonymous_25)
FN:225,(anonymous_26)
FN:236,(anonymous_27)
FN:242,(anonymous_28)
FN:258,(anonymous_29)
FN:331,(anonymous_30)
FN:337,(anonymous_31)
FNF:22
FNH:0
FNDA:0,protectWithCSRF
FNDA:0,(anonymous_11)
FNDA:0,(anonymous_12)
FNDA:0,(anonymous_13)
FNDA:0,(anonymous_14)
FNDA:0,(anonymous_15)
FNDA:0,(anonymous_16)
FNDA:0,(anonymous_17)
FNDA:0,(anonymous_18)
FNDA:0,(anonymous_19)
FNDA:0,(anonymous_20)
FNDA:0,(anonymous_21)
FNDA:0,(anonymous_22)
FNDA:0,(anonymous_23)
FNDA:0,(anonymous_24)
FNDA:0,(anonymous_25)
FNDA:0,(anonymous_26)
FNDA:0,(anonymous_27)
FNDA:0,(anonymous_28)
FNDA:0,(anonymous_29)
FNDA:0,(anonymous_30)
FNDA:0,(anonymous_31)
DA:1,0
DA:2,0
DA:3,0
DA:4,0
DA:5,0
DA:6,0
DA:7,0
DA:8,0
DA:9,0
DA:14,0
DA:15,0
DA:16,0
DA:17,0
DA:20,0
DA:21,0
DA:23,0
DA:24,0
DA:25,0
DA:26,0
DA:28,0
DA:43,0
DA:44,0
DA:45,0
DA:47,0
DA:50,0
DA:55,0
DA:58,0
DA:59,0
DA:61,0
DA:62,0
DA:67,0
DA:72,0
DA:75,0
DA:77,0
DA:78,0
DA:83,0
DA:88,0
DA:91,0
DA:93,0
DA:94,0
DA:99,0
DA:104,0
DA:107,0
DA:109,0
DA:112,0
DA:114,0
DA:119,0
DA:122,0
DA:123,0
DA:124,0
DA:126,0
DA:127,0
DA:128,0
DA:129,0
DA:132,0
DA:134,0
DA:145,0
DA:150,0
DA:153,0
DA:155,0
DA:157,0
DA:158,0
DA:172,0
DA:177,0
DA:180,0
DA:182,0
DA:184,0
DA:186,0
DA:204,0
DA:209,0
DA:212,0
DA:215,0
DA:220,0
DA:227,0
DA:230,0
DA:231,0
DA:232,0
DA:234,0
DA:237,0
DA:238,0
DA:243,0
DA:246,0
DA:247,0
DA:251,0
DA:256,0
DA:259,0
DA:262,0
DA:263,0
DA:264,0
DA:265,0
DA:266,0
DA:268,0
DA:272,0
DA:275,0
DA:278,0
DA:290,0
DA:292,0
DA:305,0
DA:322,0
DA:323,0
DA:328,0
DA:331,0
DA:332,0
DA:338,0
LF:104
LH:0
BRDA:20,0,0,0
BRDA:20,0,1,0
BRDA:25,1,0,0
BRDA:25,1,1,0
BRDA:25,2,0,0
BRDA:25,2,1,0
BRDA:25,2,2,0
BRDA:43,3,0,0
BRDA:43,3,1,0
BRDA:59,4,0,0
BRDA:59,4,1,0
BRDA:59,4,2,0
BRDA:59,4,3,0
BRDA:61,5,0,0
BRDA:61,5,1,0
BRDA:61,6,0,0
BRDA:61,6,1,0
BRDA:77,7,0,0
BRDA:77,7,1,0
BRDA:77,8,0,0
BRDA:77,8,1,0
BRDA:93,9,0,0
BRDA:93,9,1,0
BRDA:93,10,0,0
BRDA:93,10,1,0
BRDA:124,11,0,0
BRDA:124,11,1,0
BRDA:124,11,2,0
BRDA:126,12,0,0
BRDA:126,12,1,0
BRDA:126,13,0,0
BRDA:126,13,1,0
BRDA:155,14,0,0
BRDA:155,14,1,0
BRDA:155,15,0,0
BRDA:155,15,1,0
BRDA:182,16,0,0
BRDA:182,16,1,0
BRDA:182,17,0,0
BRDA:182,17,1,0
BRDA:264,18,0,0
BRDA:264,18,1,0
BRDA:264,19,0,0
BRDA:264,19,1,0
BRF:44
BRH:0
end_of_record
TN:
SF:src/globals.ts
FN:17,(anonymous_1)
FN:71,dbconnect
FN:76,dbdisconnect
FNF:3
FNH:1
FNDA:3,(anonymous_1)
FNDA:0,dbconnect
FNDA:0,dbdisconnect
DA:1,3
DA:2,3
DA:4,3
DA:17,3
DA:18,3
DA:19,3
DA:20,3
DA:54,3
DA:56,3
DA:69,3
DA:71,3
DA:72,0
DA:73,0
DA:76,3
DA:77,0
DA:78,0
LF:16
LH:12
BRDA:17,0,0,3
BRDA:17,0,1,3
BRF:2
BRH:2
end_of_record
TN:
SF:src/mfa.ts
FN:17,verifyMfaToken
FN:54,(anonymous_11)
FN:181,(anonymous_12)
FN:292,(anonymous_13)
FN:351,(anonymous_14)
FNF:5
FNH:4
FNDA:26,verifyMfaToken
FNDA:12,(anonymous_11)
FNDA:5,(anonymous_12)
FNDA:4,(anonymous_13)
FNDA:0,(anonymous_14)
DA:1,2
DA:2,2
DA:3,2
DA:4,2
DA:6,2
DA:7,2
DA:8,2
DA:9,2
DA:10,2
DA:12,2
DA:13,2
DA:17,2
DA:22,26
DA:23,26
DA:25,26
DA:26,3
DA:30,23
DA:31,0
DA:34,23
DA:35,23
DA:38,23
DA:39,21
DA:40,21
DA:42,2
DA:47,0
DA:51,2
DA:55,12
DA:58,12
DA:60,12
DA:61,1
DA:66,11
DA:67,11
DA:68,11
DA:69,11
DA:72,11
DA:78,11
DA:79,1
DA:82,10
DA:85,10
DA:87,4
DA:88,1
DA:92,3
DA:93,3
DA:97,5
DA:103,5
DA:104,1
DA:109,4
DA:110,4
DA:111,1
DA:115,3
DA:117,3
DA:119,2
DA:125,3
DA:128,1
DA:134,6
DA:138,4
DA:144,4
DA:145,4
DA:151,4
DA:158,4
DA:161,2
DA:164,0
DA:165,0
DA:178,2
DA:182,5
DA:185,5
DA:190,1
DA:192,4
DA:193,4
DA:194,4
DA:195,4
DA:197,4
DA:205,2
DA:212,2
DA:223,1
DA:226,1
DA:227,1
DA:228,1
DA:237,1
DA:245,1
DA:246,1
DA:247,1
DA:259,1
DA:267,1
DA:278,1
DA:283,0
DA:284,0
DA:289,2
DA:293,4
DA:298,1
DA:300,3
DA:301,3
DA:303,3
DA:304,3
DA:305,3
DA:306,3
DA:312,3
DA:313,1
DA:316,2
DA:317,2
DA:319,2
DA:320,1
DA:322,1
DA:328,1
DA:332,1
DA:337,0
DA:342,3
DA:343,3
DA:349,2
DA:353,0
DA:354,0
DA:356,0
DA:357,0
DA:360,0
DA:361,0
DA:363,0
DA:369,0
DA:371,0
DA:375,0
DA:377,0
DA:379,0
DA:380,0
DA:382,0
DA:391,0
DA:392,0
DA:394,0
DA:395,0
DA:397,0
DA:402,0
DA:413,0
DA:414,0
DA:415,0
DA:419,0
DA:420,0
DA:422,0
DA:423,0
DA:425,0
DA:426,0
DA:432,2
LF:139
LH:103
BRDA:25,0,0,3
BRDA:25,0,1,23
BRDA:30,1,0,0
BRDA:30,1,1,23
BRDA:38,2,0,21
BRDA:38,2,1,2
BRDA:38,3,0,23
BRDA:38,3,1,11
BRDA:60,4,0,1
BRDA:60,4,1,11
BRDA:78,5,0,1
BRDA:78,5,1,10
BRDA:85,6,0,4
BRDA:85,6,1,3
BRDA:85,6,2,5
BRDA:85,6,3,1
BRDA:87,7,0,1
BRDA:87,7,1,3
BRDA:103,8,0,1
BRDA:103,8,1,4
BRDA:110,9,0,1
BRDA:110,9,1,3
BRDA:117,10,0,2
BRDA:117,10,1,1
BRDA:134,11,0,4
BRDA:134,11,1,2
BRDA:185,12,0,1
BRDA:185,12,1,4
BRDA:186,13,0,5
BRDA:186,13,1,5
BRDA:186,13,2,5
BRDA:197,14,0,1
BRDA:197,14,1,2
BRDA:197,14,2,1
BRDA:197,14,3,1
BRDA:293,15,0,1
BRDA:293,15,1,3
BRDA:294,16,0,4
BRDA:294,16,1,4
BRDA:294,16,2,4
BRDA:312,17,0,1
BRDA:312,17,1,2
BRDA:319,18,0,1
BRDA:319,18,1,1
BRDA:342,19,0,3
BRDA:342,19,1,0
BRDA:356,20,0,0
BRDA:356,20,1,0
BRDA:369,21,0,0
BRDA:369,21,1,0
BRDA:394,22,0,0
BRDA:394,22,1,0
BRDA:394,23,0,0
BRDA:394,23,1,0
BRDA:407,24,0,0
BRDA:407,24,1,0
BRDA:425,25,0,0
BRDA:425,25,1,0
BRF:58
BRH:44
end_of_record
